---------------------------------------------------------------
[ 2019-04-01T10:37:03+08:00 ] 10.211.55.2 GET fastadmindemo.com/addons/testaddon
[运行时间：0.556779s] [吞吐率：1.80req/s] [内存消耗：2,856.15kb] [文件加载：72]
[ error ] [0]模板文件不存在:Z:\Applications\MAMP\htdocs\fastadmindemo\addons\testaddon\view\index\index.html[Z:\Applications\MAMP\htdocs\fastadmindemo\thinkphp\library\think\view\driver\Think.php:82]
---------------------------------------------------------------
[ 2019-04-01T11:47:26+08:00 ] 10.211.55.2 POST fastadmindemo.com/adminXN9hlB8P5i.php/addon/state
[运行时间：0.705774s] [吞吐率：1.42req/s] [内存消耗：4,390.95kb] [文件加载：112]
[ error ] [2]unlink(Z:\Applications\MAMP\htdocs\fastadmindemo\application\admin\controller\Testarticle.php): No such file or directory[Z:\Applications\MAMP\htdocs\fastadmindemo\vendor\karsonzhang\fastadmin-addons\src\addons\Service.php:458]
[ error ] [2]unlink(Z:\Applications\MAMP\htdocs\fastadmindemo\application\admin\lang\zh-cn\testarticle.php): No such file or directory[Z:\Applications\MAMP\htdocs\fastadmindemo\vendor\karsonzhang\fastadmin-addons\src\addons\Service.php:458]
[ error ] [2]unlink(Z:\Applications\MAMP\htdocs\fastadmindemo\application\admin\model\Testarticle.php): No such file or directory[Z:\Applications\MAMP\htdocs\fastadmindemo\vendor\karsonzhang\fastadmin-addons\src\addons\Service.php:458]
[ error ] [2]unlink(Z:\Applications\MAMP\htdocs\fastadmindemo\application\admin\view\testarticle\index.html): No such file or directory[Z:\Applications\MAMP\htdocs\fastadmindemo\vendor\karsonzhang\fastadmin-addons\src\addons\Service.php:458]
[ error ] [2]unlink(Z:\Applications\MAMP\htdocs\fastadmindemo\application\admin\view\testarticle\add.html): No such file or directory[Z:\Applications\MAMP\htdocs\fastadmindemo\vendor\karsonzhang\fastadmin-addons\src\addons\Service.php:458]
[ error ] [2]unlink(Z:\Applications\MAMP\htdocs\fastadmindemo\application\admin\view\testarticle\edit.html): No such file or directory[Z:\Applications\MAMP\htdocs\fastadmindemo\vendor\karsonzhang\fastadmin-addons\src\addons\Service.php:458]
[ error ] [2]unlink(Z:\Applications\MAMP\htdocs\fastadmindemo\public\assets\js\backend\testarticle.js): No such file or directory[Z:\Applications\MAMP\htdocs\fastadmindemo\vendor\karsonzhang\fastadmin-addons\src\addons\Service.php:458]
---------------------------------------------------------------
[ 2019-04-01T12:01:49+08:00 ] 10.211.55.2 POST fastadmindemo.com/adminXN9hlB8P5i.php/addon/state
[运行时间：0.917515s] [吞吐率：1.09req/s] [内存消耗：4,391.50kb] [文件加载：112]
[ error ] [2]unlink(Z:\Applications\MAMP\htdocs\fastadmindemo\application\admin\controller\test\Testarticle.php): No such file or directory[Z:\Applications\MAMP\htdocs\fastadmindemo\vendor\karsonzhang\fastadmin-addons\src\addons\Service.php:458]
[ error ] [2]unlink(Z:\Applications\MAMP\htdocs\fastadmindemo\application\admin\lang\zh-cn\test\testarticle.php): No such file or directory[Z:\Applications\MAMP\htdocs\fastadmindemo\vendor\karsonzhang\fastadmin-addons\src\addons\Service.php:458]
[ error ] [2]unlink(Z:\Applications\MAMP\htdocs\fastadmindemo\application\admin\model\test\Testarticle.php): No such file or directory[Z:\Applications\MAMP\htdocs\fastadmindemo\vendor\karsonzhang\fastadmin-addons\src\addons\Service.php:458]
[ error ] [2]unlink(Z:\Applications\MAMP\htdocs\fastadmindemo\application\admin\view\testarticle\index.html): No such file or directory[Z:\Applications\MAMP\htdocs\fastadmindemo\vendor\karsonzhang\fastadmin-addons\src\addons\Service.php:458]
[ error ] [2]unlink(Z:\Applications\MAMP\htdocs\fastadmindemo\application\admin\view\testarticle\add.html): No such file or directory[Z:\Applications\MAMP\htdocs\fastadmindemo\vendor\karsonzhang\fastadmin-addons\src\addons\Service.php:458]
[ error ] [2]unlink(Z:\Applications\MAMP\htdocs\fastadmindemo\application\admin\view\testarticle\edit.html): No such file or directory[Z:\Applications\MAMP\htdocs\fastadmindemo\vendor\karsonzhang\fastadmin-addons\src\addons\Service.php:458]
[ error ] [2]unlink(Z:\Applications\MAMP\htdocs\fastadmindemo\public\assets\js\backend\test\testarticle.js): No such file or directory[Z:\Applications\MAMP\htdocs\fastadmindemo\vendor\karsonzhang\fastadmin-addons\src\addons\Service.php:458]
---------------------------------------------------------------
[ 2019-04-01T12:03:23+08:00 ] 10.211.55.2 POST fastadmindemo.com/adminXN9hlB8P5i.php/addon/state
[运行时间：1.735756s] [吞吐率：0.58req/s] [内存消耗：4,391.70kb] [文件加载：112]
[ error ] [2]unlink(Z:\Applications\MAMP\htdocs\fastadmindemo\application\admin\controller\test\Testarticle.php): No such file or directory[Z:\Applications\MAMP\htdocs\fastadmindemo\vendor\karsonzhang\fastadmin-addons\src\addons\Service.php:458]
[ error ] [2]unlink(Z:\Applications\MAMP\htdocs\fastadmindemo\application\admin\lang\zh-cn\test\testarticle.php): No such file or directory[Z:\Applications\MAMP\htdocs\fastadmindemo\vendor\karsonzhang\fastadmin-addons\src\addons\Service.php:458]
[ error ] [2]unlink(Z:\Applications\MAMP\htdocs\fastadmindemo\application\admin\model\test\Testarticle.php): No such file or directory[Z:\Applications\MAMP\htdocs\fastadmindemo\vendor\karsonzhang\fastadmin-addons\src\addons\Service.php:458]
[ error ] [2]unlink(Z:\Applications\MAMP\htdocs\fastadmindemo\application\admin\view\testarticle\index.html): No such file or directory[Z:\Applications\MAMP\htdocs\fastadmindemo\vendor\karsonzhang\fastadmin-addons\src\addons\Service.php:458]
[ error ] [2]unlink(Z:\Applications\MAMP\htdocs\fastadmindemo\application\admin\view\testarticle\add.html): No such file or directory[Z:\Applications\MAMP\htdocs\fastadmindemo\vendor\karsonzhang\fastadmin-addons\src\addons\Service.php:458]
[ error ] [2]unlink(Z:\Applications\MAMP\htdocs\fastadmindemo\application\admin\view\testarticle\edit.html): No such file or directory[Z:\Applications\MAMP\htdocs\fastadmindemo\vendor\karsonzhang\fastadmin-addons\src\addons\Service.php:458]
[ error ] [2]unlink(Z:\Applications\MAMP\htdocs\fastadmindemo\public\assets\js\backend\test\testarticle.js): No such file or directory[Z:\Applications\MAMP\htdocs\fastadmindemo\vendor\karsonzhang\fastadmin-addons\src\addons\Service.php:458]
---------------------------------------------------------------
[ 2019-04-01T14:09:21+08:00 ] 10.211.55.2 POST fastadmindemo.com/adminXN9hlB8P5i.php/addon/state
[运行时间：1.369263s] [吞吐率：0.73req/s] [内存消耗：4,391.49kb] [文件加载：112]
[ error ] [2]unlink(Z:\Applications\MAMP\htdocs\fastadmindemo\application\admin\controller\test\Testarticle.php): No such file or directory[Z:\Applications\MAMP\htdocs\fastadmindemo\vendor\karsonzhang\fastadmin-addons\src\addons\Service.php:458]
[ error ] [2]unlink(Z:\Applications\MAMP\htdocs\fastadmindemo\application\admin\lang\zh-cn\test\testarticle.php): No such file or directory[Z:\Applications\MAMP\htdocs\fastadmindemo\vendor\karsonzhang\fastadmin-addons\src\addons\Service.php:458]
[ error ] [2]unlink(Z:\Applications\MAMP\htdocs\fastadmindemo\application\admin\model\test\Testarticle.php): No such file or directory[Z:\Applications\MAMP\htdocs\fastadmindemo\vendor\karsonzhang\fastadmin-addons\src\addons\Service.php:458]
[ error ] [2]unlink(Z:\Applications\MAMP\htdocs\fastadmindemo\application\admin\view\testarticle\index.html): No such file or directory[Z:\Applications\MAMP\htdocs\fastadmindemo\vendor\karsonzhang\fastadmin-addons\src\addons\Service.php:458]
[ error ] [2]unlink(Z:\Applications\MAMP\htdocs\fastadmindemo\application\admin\view\testarticle\add.html): No such file or directory[Z:\Applications\MAMP\htdocs\fastadmindemo\vendor\karsonzhang\fastadmin-addons\src\addons\Service.php:458]
[ error ] [2]unlink(Z:\Applications\MAMP\htdocs\fastadmindemo\application\admin\view\testarticle\edit.html): No such file or directory[Z:\Applications\MAMP\htdocs\fastadmindemo\vendor\karsonzhang\fastadmin-addons\src\addons\Service.php:458]
[ error ] [2]unlink(Z:\Applications\MAMP\htdocs\fastadmindemo\public\assets\js\backend\test\testarticle.js): No such file or directory[Z:\Applications\MAMP\htdocs\fastadmindemo\vendor\karsonzhang\fastadmin-addons\src\addons\Service.php:458]
---------------------------------------------------------------
[ 2019-04-01T18:36:50+08:00 ] 10.211.55.2 POST fastadmindemo.com/adminXN9hlB8P5i.php/addon/local
[运行时间：1.028030s] [吞吐率：0.97req/s] [内存消耗：4,224.78kb] [文件加载：86]
[ error ] [2]unlink(Z:\Applications\MAMP\htdocs\fastadmindemo\runtime\addons\5ca1e9c209871.zip): Resource temporarily unavailable[Z:\Applications\MAMP\htdocs\fastadmindemo\application\admin\controller\Addon.php:193]
[ error ] [2]unlink(Z:\Applications\MAMP\htdocs\fastadmindemo\runtime\addons\5ca1e9c209871.zip): Resource temporarily unavailable[Z:\Applications\MAMP\htdocs\fastadmindemo\application\admin\controller\Addon.php:237]
---------------------------------------------------------------
[ 2019-04-01T18:39:37+08:00 ] 10.211.55.2 POST fastadmindemo.com/adminXN9hlB8P5i.php/addon/local
[运行时间：1.092912s] [吞吐率：0.91req/s] [内存消耗：4,224.78kb] [文件加载：86]
[ error ] [2]unlink(Z:\Applications\MAMP\htdocs\fastadmindemo\runtime\addons\5ca1ea68c3d68.zip): Resource temporarily unavailable[Z:\Applications\MAMP\htdocs\fastadmindemo\application\admin\controller\Addon.php:193]
[ error ] [2]unlink(Z:\Applications\MAMP\htdocs\fastadmindemo\runtime\addons\5ca1ea68c3d68.zip): Resource temporarily unavailable[Z:\Applications\MAMP\htdocs\fastadmindemo\application\admin\controller\Addon.php:237]
---------------------------------------------------------------
[ 2019-04-01T18:50:08+08:00 ] 10.211.55.2 POST fastadmindemo.com/adminXN9hlB8P5i.php/addon/local
[运行时间：0.854863s] [吞吐率：1.17req/s] [内存消耗：4,224.78kb] [文件加载：86]
[ error ] [2]unlink(Z:\Applications\MAMP\htdocs\fastadmindemo\runtime\addons\5ca1ece00f06b.zip): Resource temporarily unavailable[Z:\Applications\MAMP\htdocs\fastadmindemo\application\admin\controller\Addon.php:193]
[ error ] [2]unlink(Z:\Applications\MAMP\htdocs\fastadmindemo\runtime\addons\5ca1ece00f06b.zip): Resource temporarily unavailable[Z:\Applications\MAMP\htdocs\fastadmindemo\application\admin\controller\Addon.php:237]
---------------------------------------------------------------
[ 2019-04-01T18:52:37+08:00 ] 10.211.55.2 POST fastadmindemo.com/adminXN9hlB8P5i.php/addon/local
[运行时间：0.681336s] [吞吐率：1.47req/s] [内存消耗：4,276.67kb] [文件加载：91]
[ error ] [2]unlink(Z:\Applications\MAMP\htdocs\fastadmindemo\runtime\addons\5ca1ed74d1c8a.zip): Resource temporarily unavailable[Z:\Applications\MAMP\htdocs\fastadmindemo\application\admin\controller\Addon.php:193]
---------------------------------------------------------------
[ 2019-04-01T18:57:47+08:00 ] 10.211.55.2 POST fastadmindemo.com/adminXN9hlB8P5i.php/addon/local
[运行时间：0.554522s] [吞吐率：1.80req/s] [内存消耗：4,276.69kb] [文件加载：91]
[ error ] [2]unlink(Z:\Applications\MAMP\htdocs\fastadmindemo\runtime\addons\5ca1eeab5e3b8.zip): Resource temporarily unavailable[Z:\Applications\MAMP\htdocs\fastadmindemo\application\admin\controller\Addon.php:193]
---------------------------------------------------------------
[ 2019-04-01T18:57:53+08:00 ] 10.211.55.2 GET fastadmindemo.com/adminXN9hlB8P5i.php/test/testarticle?addtabs=1
[运行时间：1.329694s] [吞吐率：0.75req/s] [内存消耗：4,089.15kb] [文件加载：81]
[ error ] [0]模板文件不存在:Z:\Applications\MAMP\htdocs\fastadmindemo\public/../application/admin\view\test\testarticle\index.html[Z:\Applications\MAMP\htdocs\fastadmindemo\thinkphp\library\think\view\driver\Think.php:82]
---------------------------------------------------------------
[ 2019-04-01T18:59:01+08:00 ] 10.211.55.2 GET fastadmindemo.com/adminXN9hlB8P5i.php/test/testarticle?addtabs=1
[运行时间：0.302348s] [吞吐率：3.31req/s] [内存消耗：4,089.15kb] [文件加载：81]
[ error ] [0]模板文件不存在:Z:\Applications\MAMP\htdocs\fastadmindemo\public/../application/admin\view\test\testarticle\index.html[Z:\Applications\MAMP\htdocs\fastadmindemo\thinkphp\library\think\view\driver\Think.php:82]
---------------------------------------------------------------
[ 2019-04-01T18:59:13+08:00 ] 10.211.55.2 POST fastadmindemo.com/adminXN9hlB8P5i.php/addon/local
[运行时间：0.527491s] [吞吐率：1.90req/s] [内存消耗：4,276.73kb] [文件加载：91]
[ error ] [2]unlink(Z:\Applications\MAMP\htdocs\fastadmindemo\runtime\addons\5ca1ef013a444.zip): Resource temporarily unavailable[Z:\Applications\MAMP\htdocs\fastadmindemo\application\admin\controller\Addon.php:193]
